<?xml version="1.0" encoding="UTF-8"?>
<!-- Generated by org.testng.reporters.JUnitXMLReporter -->
<testsuite ignored="0" hostname="Shubh_51" failures="0" tests="5" name="Default test" time="0.051" errors="0" timestamp="2024-05-02T10:55:27 IST">
  <testcase classname="testNg2.CreatingForGroupExcecution" name="addProduct" time="0.007"/>
  <testcase classname="testNg2.CreatingForGroupExcecution" name="loginUser" time="0.001"/>
  <testcase classname="testNg2.CreatingForGroupExcecution" name="logoutUser" time="0.001"/>
  <testcase classname="testNg2.CreatingForGroupExcecution" name="payment" time="0.002"/>
  <testcase classname="testNg2.CreatingForGroupExcecution" name="registerUser" time="0.002"/>
</testsuite> <!-- Default test -->
