<?xml version="1.0" encoding="UTF-8"?>
<testng-results ignored="0" total="2" passed="2" failed="0" skipped="0">
  <reporter-output>
  </reporter-output>
  <suite started-at="2024-05-03T09:02:24 IST" name="Suite" finished-at="2024-05-03T09:02:27 IST" duration-ms="2788">
    <groups>
    </groups>
    <test started-at="2024-05-03T09:02:24 IST" name="Test1" finished-at="2024-05-03T09:02:26 IST" duration-ms="1490">
      <class name="testNg2.GoogleFacebookCross">
        <test-method signature="googleTest(java.lang.String)[pri:0, instance:testNg2.GoogleFacebookCross@20ccf40b]" started-at="2024-05-03T09:02:24 IST" name="googleTest" finished-at="2024-05-03T09:02:26 IST" duration-ms="1459" status="PASS">
          <params>
            <param index="0">
              <value>
                <![CDATA[chrome]]>
              </value>
            </param>
          </params>
          <reporter-output>
          </reporter-output>
        </test-method> <!-- googleTest -->
      </class> <!-- testNg2.GoogleFacebookCross -->
    </test> <!-- Test1 -->
    <test started-at="2024-05-03T09:02:26 IST" name="Test2" finished-at="2024-05-03T09:02:27 IST" duration-ms="1251">
      <class name="testNg2.GoogleFacebookCross">
        <test-method signature="googleTest(java.lang.String)[pri:0, instance:testNg2.GoogleFacebookCross@59505b48]" started-at="2024-05-03T09:02:26 IST" name="googleTest" finished-at="2024-05-03T09:02:27 IST" duration-ms="1249" status="PASS">
          <params>
            <param index="0">
              <value>
                <![CDATA[edge]]>
              </value>
            </param>
          </params>
          <reporter-output>
          </reporter-output>
        </test-method> <!-- googleTest -->
      </class> <!-- testNg2.GoogleFacebookCross -->
    </test> <!-- Test2 -->
  </suite> <!-- Suite -->
</testng-results>
